<?xml version="1.0" encoding="UTF-8"?>
<!-- Generated by org.testng.reporters.JUnitReportReporter -->
<testsuite hostname="LAPTOP-558CDGM8" failures="0" tests="4" name="RestAssureExamples.RestAssureHttpMethods" time="10.513" errors="0" timestamp="2024-01-10T20:59:59 IST" skipped="0">
  <testcase classname="RestAssureExamples.RestAssureHttpMethods" name="updateAddress" time="1.163"/>
  <system-out/>
  <testcase classname="RestAssureExamples.RestAssureHttpMethods" name="updateAddress" time="1.586"/>
  <system-out/>
  <testcase classname="RestAssureExamples.RestAssureHttpMethods" name="updateAddress" time="1.834"/>
  <system-out/>
  <testcase classname="RestAssureExamples.RestAssureHttpMethods" name="addPlaceInMaps" time="5.930"/>
  <system-out/>
</testsuite> <!-- RestAssureExamples.RestAssureHttpMethods -->
