<?xml version="1.0" encoding="UTF-8"?>
<!-- Generated by org.testng.reporters.JUnitReportReporter -->
<testsuite hostname="LAPTOP-558CDGM8" failures="0" tests="5" name="RestAssureExamples.RestAssureHttpMethods" time="13.143" errors="0" timestamp="2024-01-11T15:10:56 IST" skipped="0">
  <testcase classname="RestAssureExamples.RestAssureHttpMethods" name="addPlaceInMaps" time="5.306"/>
  <testcase classname="RestAssureExamples.RestAssureHttpMethods" name="updateAddress" time="2.815"/>
  <testcase classname="RestAssureExamples.RestAssureHttpMethods" name="updateAddress" time="2.927"/>
  <testcase classname="RestAssureExamples.RestAssureHttpMethods" name="updateAddress" time="2.095"/>
  <testcase classname="RestAssureExamples.RestAssureHttpMethods" name="browserValue" time="0.000"/>
</testsuite> <!-- RestAssureExamples.RestAssureHttpMethods -->
