<?xml version="1.0" encoding="UTF-8"?>
<!-- Generated by org.testng.reporters.JUnitReportReporter -->
<testsuite hostname="LAPTOP-558CDGM8" failures="0" tests="4" name="RestAssureExamples.RestAssureHttpMethods" time="12.101" errors="0" timestamp="2024-01-10T21:19:24 IST" skipped="0">
  <testcase classname="RestAssureExamples.RestAssureHttpMethods" name="updateAddress" time="2.100"/>
  <testcase classname="RestAssureExamples.RestAssureHttpMethods" name="updateAddress" time="2.533"/>
  <testcase classname="RestAssureExamples.RestAssureHttpMethods" name="updateAddress" time="1.835"/>
  <testcase classname="RestAssureExamples.RestAssureHttpMethods" name="addPlaceInMaps" time="5.633"/>
</testsuite> <!-- RestAssureExamples.RestAssureHttpMethods -->
